\BOOKMARK [1][-]{section.1}{Indledning}{}% 1
\BOOKMARK [1][-]{section.2}{Abstract}{}% 2
\BOOKMARK [1][-]{section.3}{IT-projektets form\345l og rammer}{}% 3
\BOOKMARK [2][-]{subsection.3.1}{FACTOR-kriteriet}{section.3}% 4
\BOOKMARK [1][-]{section.4}{Kravspecifikation for IT-l\370sningen}{}% 5
\BOOKMARK [2][-]{subsection.4.1}{Funktionelle og ikke-funktionelle krav}{section.4}% 6
\BOOKMARK [2][-]{subsection.4.2}{H\370jniveau use case model}{section.4}% 7
\BOOKMARK [2][-]{subsection.4.3}{Tre use case modeller}{section.4}% 8
\BOOKMARK [2][-]{subsection.4.4}{Klassediagram}{section.4}% 9
\BOOKMARK [1][-]{section.5}{Systemdesign sammenfatning}{}% 10
\BOOKMARK [1][-]{section.6}{Program- og systemtesting}{}% 11
\BOOKMARK [2][-]{subsection.6.1}{Interne test}{section.6}% 12
\BOOKMARK [2][-]{subsection.6.2}{Eksterne test}{section.6}% 13
\BOOKMARK [1][-]{section.7}{Brugergr\346nseflade og interaktionsdesign}{}% 14
\BOOKMARK [1][-]{section.8}{Versionstyring}{}% 15
\BOOKMARK [1][-]{section.9}{Projektsamarbejdet}{}% 16
\BOOKMARK [2][-]{subsection.9.1}{Hvad g\345r godt?}{section.9}% 17
\BOOKMARK [2][-]{subsection.9.2}{Hvad g\345r mindre godt?}{section.9}% 18
\BOOKMARK [2][-]{subsection.9.3}{Hvilke optimeringer i forhold til projektarbejdet kan vi foretage?}{section.9}% 19
\BOOKMARK [1][-]{section.10}{Bilag 1 - Review: A rational design process}{}% 20
\BOOKMARK [1][-]{section.11}{Bilag 2 - Review: Designing for usability}{}% 21
\BOOKMARK [1][-]{section.12}{Bilag 3 - Commit log}{}% 22
